/Red6TB/Maxim/tophat-2.1.1/tophat -p 50 --library-type fr-secondstrand --transcriptome-index ../../tophat-2.1.1/Mouse_indices/Refseq_coding --no-novel-juncs -o ./MN13-7/ ../../bowtie2-2.2.7/Mouse_indices/NCBI_genome ./MN13-7/filtered.fastq
/Red6TB/Maxim/tophat-2.1.1/gtf_juncs ../../tophat-2.1.1/Mouse_indices/Refseq_coding.gff  > ./MN13-7//tmp/Refseq_coding.juncs
#>prep_reads:
/Red6TB/Maxim/tophat-2.1.1/prep_reads --min-anchor 8 --splice-mismatches 0 --min-report-intron 50 --max-report-intron 500000 --min-isoform-fraction 0.15 --output-dir ./MN13-7// --max-multihits 20 --max-seg-multihits 40 --segment-length 25 --segment-mismatches 2 --min-closure-exon 100 --min-closure-intron 50 --max-closure-intron 5000 --min-coverage-intron 50 --max-coverage-intron 20000 --min-segment-intron 50 --max-segment-intron 500000 --read-mismatches 2 --read-gap-length 2 --read-edit-dist 2 --read-realign-edit-dist 3 --max-insertion-length 3 --max-deletion-length 3 -z gzip -p50 --gtf-annotations ../../tophat-2.1.1/Mouse_indices/Refseq_coding.gff --gtf-juncs ./MN13-7//tmp/Refseq_coding.juncs --no-closure-search --no-coverage-search --no-microexon-search --library-type fr-secondstrand --aux-outfile=./MN13-7//prep_reads.info --index-outfile=./MN13-7//tmp/left_kept_reads.bam.index --sam-header=./MN13-7//tmp/NCBI_genome_genome.bwt.samheader.sam --outfile=./MN13-7//tmp/left_kept_reads.bam ./MN13-7/filtered.fastq
#>map_start:
/Red6TB/Maxim/tophat-2.1.1/bam2fastx --all ./MN13-7//tmp/left_kept_reads.bam|/Red6TB/Maxim/bowtie2-2.2.7/bowtie2 -k 60 -D 15 -R 2 -N 0 -L 20 -i S,1,1.25 --gbar 4 --mp 6,2 --np 1 --rdg 5,3 --rfg 5,3 --score-min C,-14,0 -p 50 --sam-no-hd -x ../../tophat-2.1.1/Mouse_indices/Refseq_coding -|/Red6TB/Maxim/tophat-2.1.1/fix_map_ordering --bowtie2-min-score 15 --read-mismatches 2 --read-gap-length 2 --read-edit-dist 2 --read-realign-edit-dist 3 --sam-header ./MN13-7//tmp/Refseq_coding.bwt.samheader.sam - - ./MN13-7//tmp/left_kept_reads.m2g_um.bam | /Red6TB/Maxim/tophat-2.1.1/map2gtf --sam-header ./MN13-7//tmp/NCBI_genome_genome.bwt.samheader.sam ../../tophat-2.1.1/Mouse_indices/Refseq_coding.fa.tlst - ./MN13-7//tmp/left_kept_reads.m2g.bam > ./MN13-7//logs/m2g_left_kept_reads.out
/Red6TB/Maxim/tophat-2.1.1/bam2fastx --all ./MN13-7//tmp/left_kept_reads.m2g_um.bam|/Red6TB/Maxim/bowtie2-2.2.7/bowtie2 -k 20 -D 15 -R 2 -N 0 -L 20 -i S,1,1.25 --gbar 4 --mp 6,2 --np 1 --rdg 5,3 --rfg 5,3 --score-min C,-14,0 -p 50 --sam-no-hd -x ../../bowtie2-2.2.7/Mouse_indices/NCBI_genome -|/Red6TB/Maxim/tophat-2.1.1/fix_map_ordering --bowtie2-min-score 15 --read-mismatches 2 --read-gap-length 2 --read-edit-dist 2 --read-realign-edit-dist 3 --index-outfile ./MN13-7//tmp/left_kept_reads.m2g_um.mapped.bam.index --sam-header ./MN13-7//tmp/NCBI_genome_genome.bwt.samheader.sam - ./MN13-7//tmp/left_kept_reads.m2g_um.mapped.bam ./MN13-7//tmp/left_kept_reads.m2g_um_unmapped.bam
#>map_segments:
gzip -cd< ./MN13-7//tmp/left_kept_reads.m2g_um_seg1.fq.z|/Red6TB/Maxim/bowtie2-2.2.7/bowtie2 -k 41 -N 1 -L 20 -p 50 --sam-no-hd -x ../../bowtie2-2.2.7/Mouse_indices/NCBI_genome -|/Red6TB/Maxim/tophat-2.1.1/fix_map_ordering --bowtie2-min-score 10 --read-mismatches 2 --read-gap-length 2 --read-edit-dist 2 --read-realign-edit-dist 3 --index-outfile ./MN13-7//tmp/left_kept_reads.m2g_um_seg1.bam.index --sam-header ./MN13-7//tmp/NCBI_genome_genome.bwt.samheader.sam - ./MN13-7//tmp/left_kept_reads.m2g_um_seg1.bam ./MN13-7//tmp/left_kept_reads.m2g_um_seg1_unmapped.bam
gzip -cd< ./MN13-7//tmp/left_kept_reads.m2g_um_seg2.fq.z|/Red6TB/Maxim/bowtie2-2.2.7/bowtie2 -k 41 -N 1 -L 20 -p 50 --sam-no-hd -x ../../bowtie2-2.2.7/Mouse_indices/NCBI_genome -|/Red6TB/Maxim/tophat-2.1.1/fix_map_ordering --bowtie2-min-score 10 --read-mismatches 2 --read-gap-length 2 --read-edit-dist 2 --read-realign-edit-dist 3 --index-outfile ./MN13-7//tmp/left_kept_reads.m2g_um_seg2.bam.index --sam-header ./MN13-7//tmp/NCBI_genome_genome.bwt.samheader.sam - ./MN13-7//tmp/left_kept_reads.m2g_um_seg2.bam ./MN13-7//tmp/left_kept_reads.m2g_um_seg2_unmapped.bam
#>juncs_db:
/Red6TB/Maxim/tophat-2.1.1/juncs_db 3 25 ./MN13-7//tmp/Refseq_coding.juncs /dev/null /dev/null /dev/null ../../bowtie2-2.2.7/Mouse_indices/NCBI_genome.fa > ./MN13-7//tmp/segment_juncs.fa
/Red6TB/Maxim/bowtie2-2.2.7/bowtie2-build ./MN13-7//tmp/segment_juncs.fa ./MN13-7//tmp/segment_juncs
#>map2juncs:
gzip -cd< ./MN13-7//tmp/left_kept_reads.m2g_um_seg1.fq.z|/Red6TB/Maxim/bowtie2-2.2.7/bowtie2 -k 41 -N 1 -L 20 -p 50 --sam-no-hd -x ./MN13-7//tmp/segment_juncs -|/Red6TB/Maxim/tophat-2.1.1/fix_map_ordering --bowtie2-min-score 10 --read-mismatches 2 --read-gap-length 2 --read-edit-dist 2 --read-realign-edit-dist 3 --index-outfile ./MN13-7//tmp/left_kept_reads.m2g_um_seg1.to_spliced.bam.index --sam-header ./MN13-7//tmp/segment_juncs.bwt.samheader.sam - ./MN13-7//tmp/left_kept_reads.m2g_um_seg1.to_spliced.bam
gzip -cd< ./MN13-7//tmp/left_kept_reads.m2g_um_seg2.fq.z|/Red6TB/Maxim/bowtie2-2.2.7/bowtie2 -k 41 -N 1 -L 20 -p 50 --sam-no-hd -x ./MN13-7//tmp/segment_juncs -|/Red6TB/Maxim/tophat-2.1.1/fix_map_ordering --bowtie2-min-score 10 --read-mismatches 2 --read-gap-length 2 --read-edit-dist 2 --read-realign-edit-dist 3 --index-outfile ./MN13-7//tmp/left_kept_reads.m2g_um_seg2.to_spliced.bam.index --sam-header ./MN13-7//tmp/segment_juncs.bwt.samheader.sam - ./MN13-7//tmp/left_kept_reads.m2g_um_seg2.to_spliced.bam
/Red6TB/Maxim/tophat-2.1.1/long_spanning_reads --min-anchor 8 --splice-mismatches 0 --min-report-intron 50 --max-report-intron 500000 --min-isoform-fraction 0.15 --output-dir ./MN13-7// --max-multihits 20 --max-seg-multihits 40 --segment-length 25 --segment-mismatches 2 --min-closure-exon 100 --min-closure-intron 50 --max-closure-intron 5000 --min-coverage-intron 50 --max-coverage-intron 20000 --min-segment-intron 50 --max-segment-intron 500000 --read-mismatches 2 --read-gap-length 2 --read-edit-dist 2 --read-realign-edit-dist 3 --max-insertion-length 3 --max-deletion-length 3 -z gzip -p50 --gtf-annotations ../../tophat-2.1.1/Mouse_indices/Refseq_coding.gff --gtf-juncs ./MN13-7//tmp/Refseq_coding.juncs --no-closure-search --no-microexon-search --library-type fr-secondstrand --sam-header ./MN13-7//tmp/NCBI_genome_genome.bwt.samheader.sam --bowtie2-max-penalty 6 --bowtie2-min-penalty 2 --bowtie2-penalty-for-N 1 --bowtie2-read-gap-open 5 --bowtie2-read-gap-cont 3 --bowtie2-ref-gap-open 5 --bowtie2-ref-gap-cont 3 ../../bowtie2-2.2.7/Mouse_indices/NCBI_genome.fa ./MN13-7//tmp/left_kept_reads.m2g_um.bam ./MN13-7//tmp/Refseq_coding.juncs /dev/null /dev/null /dev/null ./MN13-7//tmp/left_kept_reads.m2g_um.candidates.bam ./MN13-7//tmp/left_kept_reads.m2g_um_seg1.bam,./MN13-7//tmp/left_kept_reads.m2g_um_seg2.bam ./MN13-7//tmp/left_kept_reads.m2g_um_seg1.to_spliced.bam,./MN13-7//tmp/left_kept_reads.m2g_um_seg2.to_spliced.bam
#>tophat_reports:
/Red6TB/Maxim/tophat-2.1.1/tophat_reports --min-anchor 8 --splice-mismatches 0 --min-report-intron 50 --max-report-intron 500000 --min-isoform-fraction 0.15 --output-dir ./MN13-7// --max-multihits 20 --max-seg-multihits 40 --segment-length 25 --segment-mismatches 2 --min-closure-exon 100 --min-closure-intron 50 --max-closure-intron 5000 --min-coverage-intron 50 --max-coverage-intron 20000 --min-segment-intron 50 --max-segment-intron 500000 --read-mismatches 2 --read-gap-length 2 --read-edit-dist 2 --read-realign-edit-dist 3 --max-insertion-length 3 --max-deletion-length 3 -z gzip -p50 --gtf-annotations ../../tophat-2.1.1/Mouse_indices/Refseq_coding.gff --gtf-juncs ./MN13-7//tmp/Refseq_coding.juncs --no-closure-search --no-microexon-search --library-type fr-secondstrand --sam-header ./MN13-7//tmp/NCBI_genome_genome.bwt.samheader.sam --report-discordant-pair-alignments --report-mixed-alignments --samtools=/Red6TB/Maxim/tophat-2.1.1/samtools_0.1.18 --bowtie2-max-penalty 6 --bowtie2-min-penalty 2 --bowtie2-penalty-for-N 1 --bowtie2-read-gap-open 5 --bowtie2-read-gap-cont 3 --bowtie2-ref-gap-open 5 --bowtie2-ref-gap-cont 3 ../../bowtie2-2.2.7/Mouse_indices/NCBI_genome.fa ./MN13-7//junctions.bed ./MN13-7//insertions.bed ./MN13-7//deletions.bed ./MN13-7//fusions.out ./MN13-7//tmp/accepted_hits ./MN13-7//tmp/left_kept_reads.m2g.bam,./MN13-7//tmp/left_kept_reads.m2g_um.mapped.bam,./MN13-7//tmp/left_kept_reads.m2g_um.candidates.bam ./MN13-7//tmp/left_kept_reads.bam
/Red6TB/Maxim/tophat-2.1.1/samtools_0.1.18 sort ./MN13-7//tmp/accepted_hits0.bam ./MN13-7//tmp/accepted_hits0_sorted
/Red6TB/Maxim/tophat-2.1.1/samtools_0.1.18 sort ./MN13-7//tmp/accepted_hits1.bam ./MN13-7//tmp/accepted_hits1_sorted
/Red6TB/Maxim/tophat-2.1.1/samtools_0.1.18 sort ./MN13-7//tmp/accepted_hits2.bam ./MN13-7//tmp/accepted_hits2_sorted
/Red6TB/Maxim/tophat-2.1.1/samtools_0.1.18 sort ./MN13-7//tmp/accepted_hits3.bam ./MN13-7//tmp/accepted_hits3_sorted
/Red6TB/Maxim/tophat-2.1.1/samtools_0.1.18 sort ./MN13-7//tmp/accepted_hits4.bam ./MN13-7//tmp/accepted_hits4_sorted
/Red6TB/Maxim/tophat-2.1.1/samtools_0.1.18 sort ./MN13-7//tmp/accepted_hits5.bam ./MN13-7//tmp/accepted_hits5_sorted
/Red6TB/Maxim/tophat-2.1.1/samtools_0.1.18 sort ./MN13-7//tmp/accepted_hits6.bam ./MN13-7//tmp/accepted_hits6_sorted
/Red6TB/Maxim/tophat-2.1.1/samtools_0.1.18 sort ./MN13-7//tmp/accepted_hits7.bam ./MN13-7//tmp/accepted_hits7_sorted
/Red6TB/Maxim/tophat-2.1.1/samtools_0.1.18 sort ./MN13-7//tmp/accepted_hits8.bam ./MN13-7//tmp/accepted_hits8_sorted
/Red6TB/Maxim/tophat-2.1.1/samtools_0.1.18 sort ./MN13-7//tmp/accepted_hits9.bam ./MN13-7//tmp/accepted_hits9_sorted
/Red6TB/Maxim/tophat-2.1.1/samtools_0.1.18 sort ./MN13-7//tmp/accepted_hits10.bam ./MN13-7//tmp/accepted_hits10_sorted
/Red6TB/Maxim/tophat-2.1.1/samtools_0.1.18 sort ./MN13-7//tmp/accepted_hits11.bam ./MN13-7//tmp/accepted_hits11_sorted
/Red6TB/Maxim/tophat-2.1.1/samtools_0.1.18 sort ./MN13-7//tmp/accepted_hits12.bam ./MN13-7//tmp/accepted_hits12_sorted
/Red6TB/Maxim/tophat-2.1.1/samtools_0.1.18 sort ./MN13-7//tmp/accepted_hits13.bam ./MN13-7//tmp/accepted_hits13_sorted
/Red6TB/Maxim/tophat-2.1.1/samtools_0.1.18 sort ./MN13-7//tmp/accepted_hits14.bam ./MN13-7//tmp/accepted_hits14_sorted
/Red6TB/Maxim/tophat-2.1.1/samtools_0.1.18 sort ./MN13-7//tmp/accepted_hits15.bam ./MN13-7//tmp/accepted_hits15_sorted
/Red6TB/Maxim/tophat-2.1.1/samtools_0.1.18 sort ./MN13-7//tmp/accepted_hits16.bam ./MN13-7//tmp/accepted_hits16_sorted
/Red6TB/Maxim/tophat-2.1.1/samtools_0.1.18 sort ./MN13-7//tmp/accepted_hits17.bam ./MN13-7//tmp/accepted_hits17_sorted
/Red6TB/Maxim/tophat-2.1.1/samtools_0.1.18 sort ./MN13-7//tmp/accepted_hits18.bam ./MN13-7//tmp/accepted_hits18_sorted
/Red6TB/Maxim/tophat-2.1.1/samtools_0.1.18 sort ./MN13-7//tmp/accepted_hits19.bam ./MN13-7//tmp/accepted_hits19_sorted
/Red6TB/Maxim/tophat-2.1.1/samtools_0.1.18 sort ./MN13-7//tmp/accepted_hits20.bam ./MN13-7//tmp/accepted_hits20_sorted
/Red6TB/Maxim/tophat-2.1.1/samtools_0.1.18 sort ./MN13-7//tmp/accepted_hits21.bam ./MN13-7//tmp/accepted_hits21_sorted
/Red6TB/Maxim/tophat-2.1.1/samtools_0.1.18 sort ./MN13-7//tmp/accepted_hits22.bam ./MN13-7//tmp/accepted_hits22_sorted
/Red6TB/Maxim/tophat-2.1.1/samtools_0.1.18 sort ./MN13-7//tmp/accepted_hits23.bam ./MN13-7//tmp/accepted_hits23_sorted
/Red6TB/Maxim/tophat-2.1.1/samtools_0.1.18 sort ./MN13-7//tmp/accepted_hits24.bam ./MN13-7//tmp/accepted_hits24_sorted
/Red6TB/Maxim/tophat-2.1.1/samtools_0.1.18 sort ./MN13-7//tmp/accepted_hits25.bam ./MN13-7//tmp/accepted_hits25_sorted
/Red6TB/Maxim/tophat-2.1.1/samtools_0.1.18 sort ./MN13-7//tmp/accepted_hits26.bam ./MN13-7//tmp/accepted_hits26_sorted
/Red6TB/Maxim/tophat-2.1.1/samtools_0.1.18 sort ./MN13-7//tmp/accepted_hits27.bam ./MN13-7//tmp/accepted_hits27_sorted
/Red6TB/Maxim/tophat-2.1.1/samtools_0.1.18 sort ./MN13-7//tmp/accepted_hits28.bam ./MN13-7//tmp/accepted_hits28_sorted
/Red6TB/Maxim/tophat-2.1.1/samtools_0.1.18 sort ./MN13-7//tmp/accepted_hits29.bam ./MN13-7//tmp/accepted_hits29_sorted
/Red6TB/Maxim/tophat-2.1.1/samtools_0.1.18 sort ./MN13-7//tmp/accepted_hits30.bam ./MN13-7//tmp/accepted_hits30_sorted
/Red6TB/Maxim/tophat-2.1.1/samtools_0.1.18 sort ./MN13-7//tmp/accepted_hits31.bam ./MN13-7//tmp/accepted_hits31_sorted
/Red6TB/Maxim/tophat-2.1.1/samtools_0.1.18 sort ./MN13-7//tmp/accepted_hits32.bam ./MN13-7//tmp/accepted_hits32_sorted
/Red6TB/Maxim/tophat-2.1.1/samtools_0.1.18 sort ./MN13-7//tmp/accepted_hits33.bam ./MN13-7//tmp/accepted_hits33_sorted
/Red6TB/Maxim/tophat-2.1.1/samtools_0.1.18 sort ./MN13-7//tmp/accepted_hits34.bam ./MN13-7//tmp/accepted_hits34_sorted
/Red6TB/Maxim/tophat-2.1.1/samtools_0.1.18 sort ./MN13-7//tmp/accepted_hits35.bam ./MN13-7//tmp/accepted_hits35_sorted
/Red6TB/Maxim/tophat-2.1.1/samtools_0.1.18 sort ./MN13-7//tmp/accepted_hits36.bam ./MN13-7//tmp/accepted_hits36_sorted
/Red6TB/Maxim/tophat-2.1.1/samtools_0.1.18 sort ./MN13-7//tmp/accepted_hits37.bam ./MN13-7//tmp/accepted_hits37_sorted
/Red6TB/Maxim/tophat-2.1.1/samtools_0.1.18 sort ./MN13-7//tmp/accepted_hits38.bam ./MN13-7//tmp/accepted_hits38_sorted
/Red6TB/Maxim/tophat-2.1.1/samtools_0.1.18 sort ./MN13-7//tmp/accepted_hits39.bam ./MN13-7//tmp/accepted_hits39_sorted
/Red6TB/Maxim/tophat-2.1.1/samtools_0.1.18 sort ./MN13-7//tmp/accepted_hits40.bam ./MN13-7//tmp/accepted_hits40_sorted
/Red6TB/Maxim/tophat-2.1.1/samtools_0.1.18 sort ./MN13-7//tmp/accepted_hits41.bam ./MN13-7//tmp/accepted_hits41_sorted
/Red6TB/Maxim/tophat-2.1.1/samtools_0.1.18 sort ./MN13-7//tmp/accepted_hits42.bam ./MN13-7//tmp/accepted_hits42_sorted
/Red6TB/Maxim/tophat-2.1.1/samtools_0.1.18 sort ./MN13-7//tmp/accepted_hits43.bam ./MN13-7//tmp/accepted_hits43_sorted
/Red6TB/Maxim/tophat-2.1.1/samtools_0.1.18 sort ./MN13-7//tmp/accepted_hits44.bam ./MN13-7//tmp/accepted_hits44_sorted
/Red6TB/Maxim/tophat-2.1.1/samtools_0.1.18 sort ./MN13-7//tmp/accepted_hits45.bam ./MN13-7//tmp/accepted_hits45_sorted
/Red6TB/Maxim/tophat-2.1.1/samtools_0.1.18 sort ./MN13-7//tmp/accepted_hits46.bam ./MN13-7//tmp/accepted_hits46_sorted
/Red6TB/Maxim/tophat-2.1.1/samtools_0.1.18 sort ./MN13-7//tmp/accepted_hits47.bam ./MN13-7//tmp/accepted_hits47_sorted
/Red6TB/Maxim/tophat-2.1.1/samtools_0.1.18 sort ./MN13-7//tmp/accepted_hits48.bam ./MN13-7//tmp/accepted_hits48_sorted
/Red6TB/Maxim/tophat-2.1.1/samtools_0.1.18 sort ./MN13-7//tmp/accepted_hits49.bam ./MN13-7//tmp/accepted_hits49_sorted
/Red6TB/Maxim/tophat-2.1.1/samtools_0.1.18 merge -f -h ./MN13-7//tmp/NCBI_genome_genome.bwt.samheader.sam ./MN13-7//accepted_hits.bam ./MN13-7//tmp/accepted_hits0_sorted.bam ./MN13-7//tmp/accepted_hits1_sorted.bam ./MN13-7//tmp/accepted_hits2_sorted.bam ./MN13-7//tmp/accepted_hits3_sorted.bam ./MN13-7//tmp/accepted_hits4_sorted.bam ./MN13-7//tmp/accepted_hits5_sorted.bam ./MN13-7//tmp/accepted_hits6_sorted.bam ./MN13-7//tmp/accepted_hits7_sorted.bam ./MN13-7//tmp/accepted_hits8_sorted.bam ./MN13-7//tmp/accepted_hits9_sorted.bam ./MN13-7//tmp/accepted_hits10_sorted.bam ./MN13-7//tmp/accepted_hits11_sorted.bam ./MN13-7//tmp/accepted_hits12_sorted.bam ./MN13-7//tmp/accepted_hits13_sorted.bam ./MN13-7//tmp/accepted_hits14_sorted.bam ./MN13-7//tmp/accepted_hits15_sorted.bam ./MN13-7//tmp/accepted_hits16_sorted.bam ./MN13-7//tmp/accepted_hits17_sorted.bam ./MN13-7//tmp/accepted_hits18_sorted.bam ./MN13-7//tmp/accepted_hits19_sorted.bam ./MN13-7//tmp/accepted_hits20_sorted.bam ./MN13-7//tmp/accepted_hits21_sorted.bam ./MN13-7//tmp/accepted_hits22_sorted.bam ./MN13-7//tmp/accepted_hits23_sorted.bam ./MN13-7//tmp/accepted_hits24_sorted.bam ./MN13-7//tmp/accepted_hits25_sorted.bam ./MN13-7//tmp/accepted_hits26_sorted.bam ./MN13-7//tmp/accepted_hits27_sorted.bam ./MN13-7//tmp/accepted_hits28_sorted.bam ./MN13-7//tmp/accepted_hits29_sorted.bam ./MN13-7//tmp/accepted_hits30_sorted.bam ./MN13-7//tmp/accepted_hits31_sorted.bam ./MN13-7//tmp/accepted_hits32_sorted.bam ./MN13-7//tmp/accepted_hits33_sorted.bam ./MN13-7//tmp/accepted_hits34_sorted.bam ./MN13-7//tmp/accepted_hits35_sorted.bam ./MN13-7//tmp/accepted_hits36_sorted.bam ./MN13-7//tmp/accepted_hits37_sorted.bam ./MN13-7//tmp/accepted_hits38_sorted.bam ./MN13-7//tmp/accepted_hits39_sorted.bam ./MN13-7//tmp/accepted_hits40_sorted.bam ./MN13-7//tmp/accepted_hits41_sorted.bam ./MN13-7//tmp/accepted_hits42_sorted.bam ./MN13-7//tmp/accepted_hits43_sorted.bam ./MN13-7//tmp/accepted_hits44_sorted.bam ./MN13-7//tmp/accepted_hits45_sorted.bam ./MN13-7//tmp/accepted_hits46_sorted.bam ./MN13-7//tmp/accepted_hits47_sorted.bam ./MN13-7//tmp/accepted_hits48_sorted.bam ./MN13-7//tmp/accepted_hits49_sorted.bam
/Red6TB/Maxim/tophat-2.1.1/bam_merge -Q --sam-header ./MN13-7//tmp/NCBI_genome_genome.bwt.samheader.sam ./MN13-7//unmapped.bam ./MN13-7//tmp/unmapped_left_0.bam ./MN13-7//tmp/unmapped_left_1.bam ./MN13-7//tmp/unmapped_left_2.bam ./MN13-7//tmp/unmapped_left_3.bam ./MN13-7//tmp/unmapped_left_4.bam ./MN13-7//tmp/unmapped_left_5.bam ./MN13-7//tmp/unmapped_left_6.bam ./MN13-7//tmp/unmapped_left_7.bam ./MN13-7//tmp/unmapped_left_8.bam ./MN13-7//tmp/unmapped_left_9.bam ./MN13-7//tmp/unmapped_left_10.bam ./MN13-7//tmp/unmapped_left_11.bam ./MN13-7//tmp/unmapped_left_12.bam ./MN13-7//tmp/unmapped_left_13.bam ./MN13-7//tmp/unmapped_left_14.bam ./MN13-7//tmp/unmapped_left_15.bam ./MN13-7//tmp/unmapped_left_16.bam ./MN13-7//tmp/unmapped_left_17.bam ./MN13-7//tmp/unmapped_left_18.bam ./MN13-7//tmp/unmapped_left_19.bam ./MN13-7//tmp/unmapped_left_20.bam ./MN13-7//tmp/unmapped_left_21.bam ./MN13-7//tmp/unmapped_left_22.bam ./MN13-7//tmp/unmapped_left_23.bam ./MN13-7//tmp/unmapped_left_24.bam ./MN13-7//tmp/unmapped_left_25.bam ./MN13-7//tmp/unmapped_left_26.bam ./MN13-7//tmp/unmapped_left_27.bam ./MN13-7//tmp/unmapped_left_28.bam ./MN13-7//tmp/unmapped_left_29.bam ./MN13-7//tmp/unmapped_left_30.bam ./MN13-7//tmp/unmapped_left_31.bam ./MN13-7//tmp/unmapped_left_32.bam ./MN13-7//tmp/unmapped_left_33.bam ./MN13-7//tmp/unmapped_left_34.bam ./MN13-7//tmp/unmapped_left_35.bam ./MN13-7//tmp/unmapped_left_36.bam ./MN13-7//tmp/unmapped_left_37.bam ./MN13-7//tmp/unmapped_left_38.bam ./MN13-7//tmp/unmapped_left_39.bam ./MN13-7//tmp/unmapped_left_40.bam ./MN13-7//tmp/unmapped_left_41.bam ./MN13-7//tmp/unmapped_left_42.bam ./MN13-7//tmp/unmapped_left_43.bam ./MN13-7//tmp/unmapped_left_44.bam ./MN13-7//tmp/unmapped_left_45.bam ./MN13-7//tmp/unmapped_left_46.bam ./MN13-7//tmp/unmapped_left_47.bam ./MN13-7//tmp/unmapped_left_48.bam ./MN13-7//tmp/unmapped_left_49.bam
#>alldone:
